<?xml version="1.0" encoding="UTF-8"?>
<!-- Generated by org.testng.reporters.JUnitReportReporter -->
<testsuite skipped="0" hostname="dell" name="TstNGUnitFrameWork.Annotations.ParllelExecution" tests="2" failures="0" timestamp="2020-07-28T11:19:03 IST" time="46.457" errors="0">
  <testcase name="Browserlaunch" time="33.867" classname="TstNGUnitFrameWork.Annotations.ParllelExecution"/>
  <system-out/>
  <testcase name="Browserlaunch" time="12.590" classname="TstNGUnitFrameWork.Annotations.ParllelExecution"/>
  <system-out/>
</testsuite> <!-- TstNGUnitFrameWork.Annotations.ParllelExecution -->
