<?xml version="1.0" encoding="UTF-8"?>
<!-- Generated by org.testng.reporters.JUnitReportReporter -->
<testsuite skipped="0" hostname="dell" name="TstNGUnitFrameWork.Annotations.LoginDataProvider" tests="4" failures="0" timestamp="2020-08-06T10:43:29 IST" time="13.680" errors="0">
  <testcase name="login" time="1.429" classname="TstNGUnitFrameWork.Annotations.LoginDataProvider"/>
  <system-out/>
  <testcase name="login" time="7.439" classname="TstNGUnitFrameWork.Annotations.LoginDataProvider"/>
  <system-out/>
  <testcase name="login" time="3.223" classname="TstNGUnitFrameWork.Annotations.LoginDataProvider"/>
  <system-out/>
  <testcase name="login" time="1.589" classname="TstNGUnitFrameWork.Annotations.LoginDataProvider"/>
  <system-out/>
</testsuite> <!-- TstNGUnitFrameWork.Annotations.LoginDataProvider -->
