<?xml version="1.0" encoding="UTF-8"?>
<!-- Generated by org.testng.reporters.JUnitReportReporter -->
<testsuite skipped="0" hostname="dell" name="EventHandling.MouseHandling" tests="4" failures="0" timestamp="2020-08-19T17:26:18 IST" time="2.219" errors="0">
  <testcase name="click" time="0.772" classname="EventHandling.MouseHandling"/>
  <system-out/>
  <testcase name="doubleclick" time="0.438" classname="EventHandling.MouseHandling"/>
  <system-out/>
  <testcase name="moveToElem" time="0.790" classname="EventHandling.MouseHandling"/>
  <system-out/>
  <testcase name="contextClick" time="0.219" classname="EventHandling.MouseHandling"/>
  <system-out/>
</testsuite> <!-- EventHandling.MouseHandling -->
