<?xml version="1.0" encoding="UTF-8"?>
<!-- Generated by org.testng.reporters.JUnitReportReporter -->
<testsuite skipped="0" hostname="dell" name="TstNGUnitFrameWork.Annotations.DataProviderDemo" tests="4" failures="0" timestamp="2020-07-30T18:56:58 IST" time="0.046" errors="0">
  <testcase name="login" time="0.005" classname="TstNGUnitFrameWork.Annotations.DataProviderDemo"/>
  <system-out/>
  <testcase name="login" time="0.032" classname="TstNGUnitFrameWork.Annotations.DataProviderDemo"/>
  <system-out/>
  <testcase name="login" time="0.004" classname="TstNGUnitFrameWork.Annotations.DataProviderDemo"/>
  <system-out/>
  <testcase name="login" time="0.005" classname="TstNGUnitFrameWork.Annotations.DataProviderDemo"/>
  <system-out/>
</testsuite> <!-- TstNGUnitFrameWork.Annotations.DataProviderDemo -->
