<?xml version="1.0" encoding="UTF-8"?>
<!-- Generated by org.testng.reporters.JUnitReportReporter -->
<testsuite skipped="0" hostname="dell" name="EventHandling.DragAndDrop" tests="1" failures="0" timestamp="2020-08-20T14:46:48 IST" time="11.700" errors="0">
  <testcase name="DragDrop" time="11.700" classname="EventHandling.DragAndDrop"/>
  <system-out/>
</testsuite> <!-- EventHandling.DragAndDrop -->
