<?xml version="1.0" encoding="UTF-8"?>
<!-- Generated by org.testng.reporters.JUnitReportReporter -->
<testsuite skipped="0" hostname="dell" name="TstNGUnitFrameWork.Annotations.IframeHandling" tests="1" failures="0" timestamp="2020-08-19T14:46:38 IST" time="17.202" errors="0">
  <testcase name="iframe" time="17.202" classname="TstNGUnitFrameWork.Annotations.IframeHandling"/>
  <system-out/>
</testsuite> <!-- TstNGUnitFrameWork.Annotations.IframeHandling -->
