<?xml version="1.0" encoding="UTF-8"?>
<!-- Generated by org.testng.reporters.JUnitReportReporter -->
<testsuite skipped="0" hostname="dell" name="EventHandling.AlertHandling" tests="3" failures="0" timestamp="2020-08-19T16:50:22 IST" time="0.924" errors="0">
  <testcase name="alertBox" time="0.289" classname="EventHandling.AlertHandling"/>
  <system-out/>
  <testcase name="confirmationBox" time="0.296" classname="EventHandling.AlertHandling"/>
  <system-out/>
  <testcase name="promptBox" time="0.339" classname="EventHandling.AlertHandling"/>
  <system-out/>
</testsuite> <!-- EventHandling.AlertHandling -->
