<?xml version="1.0" encoding="UTF-8"?>
<!-- Generated by org.testng.reporters.JUnitReportReporter -->
<testsuite skipped="0" hostname="dell" name="TstNGUnitFrameWork.Annotations.BrowserLaunch" tests="1" failures="0" timestamp="2020-07-29T16:37:12 IST" time="17.008" errors="0">
  <testcase name="StudentDetails" time="17.008" classname="TstNGUnitFrameWork.Annotations.BrowserLaunch"/>
  <system-out/>
</testsuite> <!-- TstNGUnitFrameWork.Annotations.BrowserLaunch -->
