<?xml version="1.0" encoding="UTF-8"?>
<!-- Generated by org.testng.reporters.JUnitReportReporter -->
<testsuite skipped="0" hostname="dell" name="EventHandling.IframeHandling" tests="1" failures="0" timestamp="2020-08-19T16:31:08 IST" time="0.369" errors="0">
  <testcase name="iframeWays" time="0.369" classname="EventHandling.IframeHandling"/>
  <system-out/>
</testsuite> <!-- EventHandling.IframeHandling -->
