<?xml version="1.0" encoding="UTF-8"?>
<!-- Generated by org.testng.reporters.JUnitReportReporter -->
<testsuite skipped="0" hostname="dell" name="GroupingDemo" tests="5" failures="0" timestamp="2020-08-04T11:49:05 IST" time="0.084" errors="0">
  <testcase name="m1" time="0.062" classname="GroupingDemo"/>
  <system-out/>
  <testcase name="m4" time="0.005" classname="GroupingDemo"/>
  <system-out/>
  <testcase name="m5" time="0.006" classname="GroupingDemo"/>
  <system-out/>
  <testcase name="m2" time="0.004" classname="GroupingDemo"/>
  <system-out/>
  <testcase name="m3" time="0.007" classname="GroupingDemo"/>
  <system-out/>
</testsuite> <!-- GroupingDemo -->
