<?xml version="1.0" encoding="UTF-8"?>
<!-- Generated by org.testng.reporters.JUnitReportReporter -->
<testsuite skipped="1" hostname="dell" name="TstNGUnitFrameWork.Annotations.Prioritization" tests="4" failures="0" timestamp="2020-07-26T11:51:19 IST" time="34.459" errors="0">
  <testcase name="browserlaunch" time="22.163" classname="TstNGUnitFrameWork.Annotations.Prioritization"/>
  <system-out/>
  <testcase name="applaunch" time="4.729" classname="TstNGUnitFrameWork.Annotations.Prioritization"/>
  <system-out/>
  <testcase name="login" time="7.567" classname="TstNGUnitFrameWork.Annotations.Prioritization"/>
  <system-out/>
  <testcase name="logout" classname="TstNGUnitFrameWork.Annotations.Prioritization">
    <skipped/>
  </testcase> <!-- logout -->
  <system-out/>
</testsuite> <!-- TstNGUnitFrameWork.Annotations.Prioritization -->
