<?xml version="1.0" encoding="UTF-8"?>
<!-- Generated by org.testng.reporters.JUnitReportReporter -->
<testsuite skipped="0" hostname="dell" name="TstNGUnitFrameWork.Annotations.Annotations" tests="2" failures="0" timestamp="2020-07-23T17:56:32 IST" time="0.020" errors="0">
  <testcase name="browserlaunch" time="0.015" classname="TstNGUnitFrameWork.Annotations.Annotations"/>
  <system-out/>
  <testcase name="launchapp" time="0.005" classname="TstNGUnitFrameWork.Annotations.Annotations"/>
  <system-out/>
</testsuite> <!-- TstNGUnitFrameWork.Annotations.Annotations -->
